c:\users\home\documents\visual studio 2012\projects\kurs\kurs\debug\actor.obj
c:\users\home\documents\visual studio 2012\projects\kurs\kurs\debug\menu.obj
c:\users\home\documents\visual studio 2012\projects\kurs\kurs\debug\perform.obj
c:\users\home\documents\visual studio 2012\projects\kurs\kurs\debug\rozklad.obj
c:\users\home\documents\visual studio 2012\projects\kurs\kurs\debug\theatre.obj
c:\users\home\documents\visual studio 2012\projects\kurs\kurs\debug\vc110.pdb
c:\users\home\documents\visual studio 2012\projects\kurs\debug\kurs.ilk
c:\users\home\documents\visual studio 2012\projects\kurs\debug\kurs.exe
c:\users\home\documents\visual studio 2012\projects\kurs\debug\kurs.pdb
c:\users\nazarmykhailiv\documents\visual studio 2015\projects\kurskup\kurs\debug\vc140.pdb
c:\users\nazarmykhailiv\documents\visual studio 2015\projects\kurskup\kurs\debug\vc140.idb
c:\users\nazarmykhailiv\documents\visual studio 2015\projects\kurskup\kurs\debug\actor.obj
c:\users\nazarmykhailiv\documents\visual studio 2015\projects\kurskup\kurs\debug\menu.obj
c:\users\nazarmykhailiv\documents\visual studio 2015\projects\kurskup\kurs\debug\perform.obj
c:\users\nazarmykhailiv\documents\visual studio 2015\projects\kurskup\kurs\debug\rozklad.obj
c:\users\nazarmykhailiv\documents\visual studio 2015\projects\kurskup\kurs\debug\theatre.obj
c:\users\nazarmykhailiv\documents\visual studio 2015\projects\kurskup\kurs\debug\cl.command.1.tlog
c:\users\nazarmykhailiv\documents\visual studio 2015\projects\kurskup\kurs\debug\cl.read.1.tlog
c:\users\nazarmykhailiv\documents\visual studio 2015\projects\kurskup\kurs\debug\cl.write.1.tlog
c:\users\nazarmykhailiv\documents\visual studio 2015\projects\kurskup\kurs\debug\link-cvtres.read.1.tlog
c:\users\nazarmykhailiv\documents\visual studio 2015\projects\kurskup\kurs\debug\link-cvtres.write.1.tlog
c:\users\nazarmykhailiv\documents\visual studio 2015\projects\kurskup\kurs\debug\link-rc.read.1.tlog
c:\users\nazarmykhailiv\documents\visual studio 2015\projects\kurskup\kurs\debug\link-rc.write.1.tlog
c:\users\nazarmykhailiv\documents\visual studio 2015\projects\kurskup\kurs\debug\link.1484-cvtres.read.1.tlog
c:\users\nazarmykhailiv\documents\visual studio 2015\projects\kurskup\kurs\debug\link.1484-cvtres.write.1.tlog
c:\users\nazarmykhailiv\documents\visual studio 2015\projects\kurskup\kurs\debug\link.1484-rc.read.1.tlog
c:\users\nazarmykhailiv\documents\visual studio 2015\projects\kurskup\kurs\debug\link.1484-rc.write.1.tlog
c:\users\nazarmykhailiv\documents\visual studio 2015\projects\kurskup\kurs\debug\link.1484.read.1.tlog
c:\users\nazarmykhailiv\documents\visual studio 2015\projects\kurskup\kurs\debug\link.1484.write.1.tlog
c:\users\nazarmykhailiv\documents\visual studio 2015\projects\kurskup\kurs\debug\link.3992-cvtres.read.1.tlog
c:\users\nazarmykhailiv\documents\visual studio 2015\projects\kurskup\kurs\debug\link.3992-cvtres.write.1.tlog
c:\users\nazarmykhailiv\documents\visual studio 2015\projects\kurskup\kurs\debug\link.3992-rc.read.1.tlog
c:\users\nazarmykhailiv\documents\visual studio 2015\projects\kurskup\kurs\debug\link.3992-rc.write.1.tlog
c:\users\nazarmykhailiv\documents\visual studio 2015\projects\kurskup\kurs\debug\link.3992.read.1.tlog
c:\users\nazarmykhailiv\documents\visual studio 2015\projects\kurskup\kurs\debug\link.3992.write.1.tlog
c:\users\nazarmykhailiv\documents\visual studio 2015\projects\kurskup\kurs\debug\link.command.1.tlog
c:\users\nazarmykhailiv\documents\visual studio 2015\projects\kurskup\kurs\debug\link.read.1.tlog
c:\users\nazarmykhailiv\documents\visual studio 2015\projects\kurskup\kurs\debug\link.write.1.tlog
c:\users\nazarmykhailiv\documents\visual studio 2015\projects\kurskup\kurs\debug\vc110.idb
c:\users\nazarmykhailiv\documents\visual studio 2015\projects\kurskup\kurs\debug\vc110.pdb
c:\users\nazarmykhailiv\documents\visual studio 2015\projects\kurskup\debug\kurs.pdb
c:\users\nazarmykhailiv\documents\visual studio 2015\projects\kurskup\debug\kurs.exe
c:\users\nazarmykhailiv\documents\visual studio 2015\projects\kurskup\debug\kurs.ilk
c:\users\nazarmykhailiv\documents\visual studio 2015\projects\kurskup\kurs\debug\kurs.tlog\cl.command.1.tlog
c:\users\nazarmykhailiv\documents\visual studio 2015\projects\kurskup\kurs\debug\kurs.tlog\cl.read.1.tlog
c:\users\nazarmykhailiv\documents\visual studio 2015\projects\kurskup\kurs\debug\kurs.tlog\cl.write.1.tlog
c:\users\nazarmykhailiv\documents\visual studio 2015\projects\kurskup\kurs\debug\kurs.tlog\link.command.1.tlog
c:\users\nazarmykhailiv\documents\visual studio 2015\projects\kurskup\kurs\debug\kurs.tlog\link.read.1.tlog
c:\users\nazarmykhailiv\documents\visual studio 2015\projects\kurskup\kurs\debug\kurs.tlog\link.write.1.tlog
